{"numFailedTestSuites":0,"numFailedTests":0,"numPassedTestSuites":1,"numPassedTests":10,"numPendingTestSuites":0,"numPendingTests":0,"numRuntimeErrorTestSuites":0,"numTotalTestSuites":1,"numTotalTests":10,"snapshot":{"added":0,"didUpdate":false,"failure":false,"filesAdded":0,"filesRemoved":0,"filesUnmatched":0,"filesUpdated":0,"matched":0,"total":0,"unchecked":0,"uncheckedKeys":[],"unmatched":0,"updated":0},"startTime":1605348627120,"success":true,"testResults":[{"assertionResults":[{"ancestorTitles":[],"failureMessages":[],"fullName":"uniqueId : Verify null id","location":null,"status":"passed","title":"uniqueId : Verify null id"},{"ancestorTitles":[],"failureMessages":[],"fullName":"uniqueId : Verify standard","location":null,"status":"passed","title":"uniqueId : Verify standard"},{"ancestorTitles":[],"failureMessages":[],"fullName":"getNewModel : Verify simple model number id","location":null,"status":"passed","title":"getNewModel : Verify simple model number id"},{"ancestorTitles":[],"failureMessages":[],"fullName":"getNewModel : Verify simple model string id","location":null,"status":"passed","title":"getNewModel : Verify simple model string id"},{"ancestorTitles":[],"failureMessages":[],"fullName":"getNewModel : Verify model","location":null,"status":"passed","title":"getNewModel : Verify model"},{"ancestorTitles":[],"failureMessages":[],"fullName":"normalizedObjectModeler : Verify model with list NormalizedObject without id","location":null,"status":"passed","title":"normalizedObjectModeler : Verify model with list NormalizedObject without id"},{"ancestorTitles":[],"failureMessages":[],"fullName":"normalizedObjectModeler : Verify model with list NormalizedObject with id","location":null,"status":"passed","title":"normalizedObjectModeler : Verify model with list NormalizedObject with id"},{"ancestorTitles":[],"failureMessages":[],"fullName":"normalizedObjectModeler : Verify model with NormalizedObject without id","location":null,"status":"passed","title":"normalizedObjectModeler : Verify model with NormalizedObject without id"},{"ancestorTitles":[],"failureMessages":[],"fullName":"normalizedObjectModeler : Verify model with NormalizedObject with id","location":null,"status":"passed","title":"normalizedObjectModeler : Verify model with NormalizedObject with id"},{"ancestorTitles":[],"failureMessages":[],"fullName":"normalizedObjectFirstModel : first elem","location":null,"status":"passed","title":"normalizedObjectFirstModel : first elem"}],"endTime":1605348627886,"message":"","name":"/Users/jeromeklam/GitHub/jsonapi-front/tests/features/model.test.js","startTime":1605348627152,"status":"passed","summary":""}],"wasInterrupted":false}