{"numFailedTestSuites":0,"numFailedTests":0,"numPassedTestSuites":1,"numPassedTests":27,"numPendingTestSuites":0,"numPendingTests":0,"numRuntimeErrorTestSuites":0,"numTotalTestSuites":1,"numTotalTests":27,"snapshot":{"added":0,"didUpdate":false,"failure":false,"filesAdded":0,"filesRemoved":0,"filesUnmatched":0,"filesUpdated":0,"matched":0,"total":0,"unchecked":0,"uncheckedKeys":[],"unmatched":0,"updated":0},"startTime":1605793338642,"success":true,"testResults":[{"assertionResults":[{"ancestorTitles":[],"failureMessages":[],"fullName":"wrap : Verify {}","location":null,"status":"passed","title":"wrap : Verify {}"},{"ancestorTitles":[],"failureMessages":[],"fullName":"wrap : Verify []","location":null,"status":"passed","title":"wrap : Verify []"},{"ancestorTitles":[],"failureMessages":[],"fullName":"extractErrors : Verify []","location":null,"status":"passed","title":"extractErrors : Verify []"},{"ancestorTitles":[],"failureMessages":[],"fullName":"extractErrors : Verify {}","location":null,"status":"passed","title":"extractErrors : Verify {}"},{"ancestorTitles":[],"failureMessages":[],"fullName":"extractErrors : Verify null","location":null,"status":"passed","title":"extractErrors : Verify null"},{"ancestorTitles":[],"failureMessages":[],"fullName":"extractErrors : Verify simple","location":null,"status":"passed","title":"extractErrors : Verify simple"},{"ancestorTitles":[],"failureMessages":[],"fullName":"getNewNormalizedObject : Verify vide","location":null,"status":"passed","title":"getNewNormalizedObject : Verify vide"},{"ancestorTitles":[],"failureMessages":[],"fullName":"getNewNormalizedObject : Verify \"\"","location":null,"status":"passed","title":"getNewNormalizedObject : Verify \"\""},{"ancestorTitles":[],"failureMessages":[],"fullName":"getNewNormalizedObject : Verify simple","location":null,"status":"passed","title":"getNewNormalizedObject : Verify simple"},{"ancestorTitles":[],"failureMessages":[],"fullName":"normalizedObjectUpdate : Verify empty items without object","location":null,"status":"passed","title":"normalizedObjectUpdate : Verify empty items without object"},{"ancestorTitles":[],"failureMessages":[],"fullName":"normalizedObjectUpdate : Verify empty items with object ignoreAdd","location":null,"status":"passed","title":"normalizedObjectUpdate : Verify empty items with object ignoreAdd"},{"ancestorTitles":[],"failureMessages":[],"fullName":"normalizedObjectUpdate : Verify empty items with object not ignoreAdd","location":null,"status":"passed","title":"normalizedObjectUpdate : Verify empty items with object not ignoreAdd"},{"ancestorTitles":[],"failureMessages":[],"fullName":"normalizedObjectUpdate : Verify items without object","location":null,"status":"passed","title":"normalizedObjectUpdate : Verify items without object"},{"ancestorTitles":[],"failureMessages":[],"fullName":"normalizedObjectUpdate : Verify items with other object","location":null,"status":"passed","title":"normalizedObjectUpdate : Verify items with other object"},{"ancestorTitles":[],"failureMessages":[],"fullName":"normalizedObjectUpdate : Verify items with complex object","location":null,"status":"passed","title":"normalizedObjectUpdate : Verify items with complex object"},{"ancestorTitles":[],"failureMessages":[],"fullName":"normalizedObjectUpdate : Verify items with very complex object","location":null,"status":"passed","title":"normalizedObjectUpdate : Verify items with very complex object"},{"ancestorTitles":[],"failureMessages":[],"fullName":"normalizedObjectRemove : Verify empty items without object","location":null,"status":"passed","title":"normalizedObjectRemove : Verify empty items without object"},{"ancestorTitles":[],"failureMessages":[],"fullName":"normalizedObjectRemove : Verify empty items with object","location":null,"status":"passed","title":"normalizedObjectRemove : Verify empty items with object"},{"ancestorTitles":[],"failureMessages":[],"fullName":"normalizedObjectRemove : Verify items without object","location":null,"status":"passed","title":"normalizedObjectRemove : Verify items without object"},{"ancestorTitles":[],"failureMessages":[],"fullName":"normalizedObjectRemove : Verify items with object","location":null,"status":"passed","title":"normalizedObjectRemove : Verify items with object"},{"ancestorTitles":[],"failureMessages":[],"fullName":"jsonApiNormalizer : Verify null","location":null,"status":"passed","title":"jsonApiNormalizer : Verify null"},{"ancestorTitles":[],"failureMessages":[],"fullName":"jsonApiNormalizer : Verify error ","location":null,"status":"passed","title":"jsonApiNormalizer : Verify error "},{"ancestorTitles":[],"failureMessages":[],"fullName":"jsonApiNormalizer : Verify errors ","location":null,"status":"passed","title":"jsonApiNormalizer : Verify errors "},{"ancestorTitles":[],"failureMessages":[],"fullName":"jsonApiNormalizer : Verify simple object","location":null,"status":"passed","title":"jsonApiNormalizer : Verify simple object"},{"ancestorTitles":[],"failureMessages":[],"fullName":"jsonApiNormalizer : Verify simple object id num","location":null,"status":"passed","title":"jsonApiNormalizer : Verify simple object id num"},{"ancestorTitles":[],"failureMessages":[],"fullName":"jsonApiNormalizer : Verify simple object with items","location":null,"status":"passed","title":"jsonApiNormalizer : Verify simple object with items"},{"ancestorTitles":[],"failureMessages":[],"fullName":"jsonApiNormalizer : Verify list object with items","location":null,"status":"passed","title":"jsonApiNormalizer : Verify list object with items"}],"endTime":1605793341107,"message":"","name":"/Users/jeromeklam/GitHub/jsonapi-front/tests/features/normalizer.test.js","startTime":1605793338719,"status":"passed","summary":""}],"wasInterrupted":false}